<?xml version="1.0" encoding="UTF-8"?>
<!-- Generated by org.testng.reporters.JUnitXMLReporter -->
<testsuite hostname="Mark-PC" ignored="0" name="Realtor Tests" tests="9" failures="1" timestamp="2020-06-10T21:05:31 EDT" time="195.462" errors="0">
  <testcase name="ZillowSearchQueens" time="63.64" classname="tests.ZillowQueensSearchTest"/>
  <testcase name="ZillowSearchBrooklyn" time="68.997" classname="tests.ZillowBrooklynSearchTest">
    <failure type="org.openqa.selenium.TimeoutException" message="Expected condition failed: waiting for visibility of element located by By.xpath: //div[@id=&amp;apos;srp-list&amp;apos;]/div/span (tried for 30 second(s) with 500 milliseconds interval)">
      <![CDATA[org.openqa.selenium.TimeoutException: Expected condition failed: waiting for visibility of element located by By.xpath: //div[@id='srp-list']/div/span (tried for 30 second(s) with 500 milliseconds interval)
at org.openqa.selenium.support.ui.WebDriverWait.timeoutException(WebDriverWait.java:95)
at org.openqa.selenium.support.ui.FluentWait.until(FluentWait.java:272)
at pages.ZillowSearchPageObjects.getResultCount(ZillowSearchPageObjects.java:65)
at tests.ZillowBrooklynSearchTest.ZillowSearchBrooklyn(ZillowBrooklynSearchTest.java:80)
at java.util.concurrent.ThreadPoolExecutor.runWorker(Unknown Source)
at java.util.concurrent.ThreadPoolExecutor$Worker.run(Unknown Source)
at java.lang.Thread.run(Unknown Source)
Caused by: org.openqa.selenium.NoSuchElementException: Unable to locate element: //div[@id='srp-list']/div/span
For documentation on this error, please visit: https://www.seleniumhq.org/exceptions/no_such_element.html
Build info: version: '3.141.59', revision: 'e82be7d358', time: '2018-11-14T08:17:03'
System info: host: 'MARK-PC', ip: '192.168.1.147', os.name: 'Windows 7', os.arch: 'amd64', os.version: '6.1', java.version: '1.8.0_251'
Driver info: org.openqa.selenium.firefox.FirefoxDriver
Capabilities {acceptInsecureCerts: true, browserName: firefox, browserVersion: 76.0.1, javascriptEnabled: true, moz:accessibilityChecks: false, moz:buildID: 20200507114007, moz:geckodriverVersion: 0.26.0, moz:headless: false, moz:processID: 7696, moz:profile: C:\Users\Mark\AppData\Local..., moz:shutdownTimeout: 60000, moz:useNonSpecCompliantPointerOrigin: false, moz:webdriverClick: true, pageLoadStrategy: normal, platform: WINDOWS, platformName: WINDOWS, platformVersion: 6.1, rotatable: false, setWindowRect: true, strictFileInteractability: false, timeouts: {implicit: 0, pageLoad: 300000, script: 30000}, unhandledPromptBehavior: dismiss and notify}
Session ID: 2cba64d4-20f6-4511-be5b-52ec5489bcc2
*** Element info: {Using=xpath, value=//div[@id='srp-list']/div/span}
at org.openqa.selenium.remote.http.W3CHttpResponseCodec.createException(W3CHttpResponseCodec.java:187)
at org.openqa.selenium.remote.http.W3CHttpResponseCodec.decode(W3CHttpResponseCodec.java:122)
at org.openqa.selenium.remote.http.W3CHttpResponseCodec.decode(W3CHttpResponseCodec.java:49)
at org.openqa.selenium.remote.HttpCommandExecutor.execute(HttpCommandExecutor.java:158)
at org.openqa.selenium.remote.service.DriverCommandExecutor.execute(DriverCommandExecutor.java:83)
at org.openqa.selenium.remote.RemoteWebDriver.execute(RemoteWebDriver.java:552)
at org.openqa.selenium.remote.RemoteWebDriver.findElement(RemoteWebDriver.java:323)
at org.openqa.selenium.remote.RemoteWebDriver.findElementByXPath(RemoteWebDriver.java:428)
at org.openqa.selenium.By$ByXPath.findElement(By.java:353)
at org.openqa.selenium.remote.RemoteWebDriver.findElement(RemoteWebDriver.java:315)
at org.openqa.selenium.support.ui.ExpectedConditions$7.apply(ExpectedConditions.java:205)
at org.openqa.selenium.support.ui.ExpectedConditions$7.apply(ExpectedConditions.java:201)
at org.openqa.selenium.support.ui.FluentWait.until(FluentWait.java:249)
... 17 more
... Removed 15 stack frames]]>
    </failure>
  </testcase> <!-- ZillowSearchBrooklyn -->
  <testcase name="ZillowSearchAstoria" time="27.569" classname="tests.ZillowQueensSearchTest"/>
  <testcase name="ZillowSearchWilliamsburg" time="37.692" classname="tests.ZillowBrooklynSearchTest"/>
  <testcase name="ZillowSearchElmhurst" time="21.814" classname="tests.ZillowQueensSearchTest"/>
  <testcase name="ZillowSearchGreenpoint" time="32.284" classname="tests.ZillowBrooklynSearchTest"/>
  <testcase name="ZillowSearchJaxHeights" time="25.401" classname="tests.ZillowQueensSearchTest"/>
  <testcase name="ZillowSearchSunnyside" time="14.15" classname="tests.ZillowQueensSearchTest"/>
  <testcase name="ZillowSearchWoodside" time="15.687" classname="tests.ZillowQueensSearchTest"/>
</testsuite> <!-- Realtor Tests -->
